2024-04-02 17:21:08,659 root         start gitlab
2024-04-02 17:21:08,659 get_token    get_token request header:
{'Content-Type': 'application/json; charset=utf-8'}
2024-04-02 17:21:08,659 get_token    get_token request body:
{'auth': {'identity': {'methods': ['password'], 'password': {'user': {'domain': {'id': 'default'}, 'name': 'nanet@systeer.com', 'password': 'tltmxldj1!@#'}}}, 'scope': {'project': {'domain': {'id': 'default'}, 'name': 'nanet@systeer.com'}}}}
2024-04-02 17:21:10,173 get_token    get_token response status: 201
2024-04-02 17:21:10,174 get_token    get_token response headers:
{'Date': 'Tue, 02 Apr 2024 08:21:10 GMT', 'Content-Type': 'application/json', 'Content-Length': '2153', 'Connection': 'keep-alive', 'X-Subject-Token': 'gAAAAABmC7_24CWDadkAjHfHtby-Jr0sl_GKUYsOgSIHQNE310uybOjzUueVpaehUwb4R17Qk87T57Us1N3uGZcjWyOpGhR6btSUadLNua8M6rcjX0IJR0RsRw59JYxdA4MbwtA_F5unIuMqhyjR6qNBZkiJf8nPkAapYVRZAUUPeJ7ykxBFmx0', 'Strict-Transport-Security': 'max-age=63072000'}
2024-04-02 17:21:10,174 get_token    get_token response body:
{"token":{"expires_at":"2024-04-02T09:21:10.000000Z","is_domain":false,"methods":["password"],"audit_ids":["rnSmt-UoQiy7dbKQ8z_xZg"],"catalog":[{"endpoints":[{"region_id":"regionOne","id":"f4387cd05a97475386e1cc40d7372f88","interface":"public","region":"regionOne","url":"https://api.ucloudbiz.olleh.com/gd1/nova/v2.1"}],"name":"nova","id":"9f758683422f4f5c921bfddd10a27534","type":"compute"},{"endpoints":[{"region_id":"regionOne","id":"8a6ea36308144f0ca9507c717298f67e","interface":"public","region":"regionOne","url":"https://api.ucloudbiz.olleh.com/gd1/cinder/v3/952ae177e81e425696330ccaea6ba20f"}],"name":"cinderv3","id":"d9468aa594f04c658293ea0c0c193934","type":"volumev3"},{"endpoints":[{"region_id":"regionOne","id":"ab8da8f7a52e47449cf101f8f6a59f73","interface":"public","region":"regionOne","url":"https://api.ucloudbiz.olleh.com/gd1/glance"}],"name":"glance","id":"c60824fb76c1427185ec34aad476b59d","type":"image"},{"endpoints":[{"region_id":"regionOne","id":"79e5bd03815b4165b1351aceb722153f","interface":"public","region":"regionOne","url":"https://api.ucloudbiz.olleh.com/gd1/manila/v3/952ae177e81e425696330ccaea6ba20f"}],"name":"manilav2","id":"4287723d36904d4a8024d5682ee4362a","type":"sharev2"},{"endpoints":[{"region_id":"regionOne","id":"0f7e4b443fdb4f7a97c8987be82874da","interface":"public","region":"regionOne","url":"https://api.ucloudbiz.olleh.com/gd1/neutron"}],"name":"neutron","id":"5aa42089e9eb4be3a2f082cced1b064f","type":"network"},{"endpoints":[{"region_id":"regionOne","id":"b595d8a6a33d4e8ea36ea6caf1e56fd1","interface":"public","region":"regionOne","url":"https://api.ucloudbiz.olleh.com/gd1/keystone"}],"name":"keystone","id":"92645811ae004c3dbeb2b62d620a74c5","type":"identity"}],"roles":[{"name":"reader","id":"8d49b6337b69489dacdda0f47dc67f2e"},{"name":"member","id":"ba45e0a05d9947d8aca635eafc306314"}],"project":{"domain":{"name":"Default","id":"default"},"name":"nanet@systeer.com","id":"952ae177e81e425696330ccaea6ba20f"},"user":{"domain":{"name":"Default","id":"default"},"name":"nanet@systeer.com","password_expires_at":null,"id":"ef6f51eb2e6a45498a905c58f7758942"},"issued_at":"2024-04-02T08:21:10.000000Z"}}
2024-04-02 17:21:10,174 get_token    get_token token:
gAAAAABmC7_24CWDadkAjHfHtby-Jr0sl_GKUYsOgSIHQNE310uybOjzUueVpaehUwb4R17Qk87T57Us1N3uGZcjWyOpGhR6btSUadLNua8M6rcjX0IJR0RsRw59JYxdA4MbwtA_F5unIuMqhyjR6qNBZkiJf8nPkAapYVRZAUUPeJ7ykxBFmx0
2024-04-02 17:21:10,176 create_server create_server request header:
{'Content-Type': 'application/json; charset=utf-8', 'X-Auth-Token': 'gAAAAABmC7_24CWDadkAjHfHtby-Jr0sl_GKUYsOgSIHQNE310uybOjzUueVpaehUwb4R17Qk87T57Us1N3uGZcjWyOpGhR6btSUadLNua8M6rcjX0IJR0RsRw59JYxdA4MbwtA_F5unIuMqhyjR6qNBZkiJf8nPkAapYVRZAUUPeJ7ykxBFmx0'}
2024-04-02 17:21:10,176 create_server create_server request body:
{'server': {'name': 'prd-gitlab', 'key_name': 'nanet-keypair', 'flavorRef': 'cc39e701-1d52-475d-b4cb-5b61f2216239', 'availability_zone': 'DX-G', 'networks': [{'uuid': 'c93ea8f1-4d87-4b76-a991-25162026b096'}], 'block_device_mapping_v2': [{'destination_type': 'volume', 'boot_index': '0', 'source_type': 'image', 'volume_size': 50, 'uuid': '5b55125e-53ce-4a19-981f-2375ab4e4523'}]}}
2024-04-02 17:21:12,015 create_server create_server response status: 400
2024-04-02 17:21:12,016 create_server create_server response headers:
{'Date': 'Tue, 02 Apr 2024 08:21:12 GMT', 'Content-Type': 'application/json;charset=UTF-8', 'Content-Length': '108', 'Connection': 'keep-alive', 'OpenStack-API-Version': 'compute 2.67', 'X-OpenStack-Nova-API-Version': '2.67', 'Vary': 'OpenStack-API-Version,X-OpenStack-Nova-API-Version', 'x-openstack-request-id': 'req-bd5becaa-a6db-4866-a98c-6dfb1d39a219', 'x-compute-request-id': 'req-bd5becaa-a6db-4866-a98c-6dfb1d39a219', 'Strict-Transport-Security': 'max-age=63072000'}
2024-04-02 17:21:12,016 create_server create_server response body:
{"badRequest": {"code": 400, "message": "Network c93ea8f1-4d87-4b76-a991-25162026b096 could not be found."}}
2024-04-02 17:21:12,017 create_server create_server ½ÇÆÐ: 'server' 
2024-04-02 17:21:12,021 root         end prd-gitlab
2024-04-02 17:35:15,703 root         start gitlab
2024-04-02 17:35:15,704 get_token    get_token request header:
{'Content-Type': 'application/json; charset=utf-8'}
2024-04-02 17:35:15,704 get_token    get_token request body:
{'auth': {'identity': {'methods': ['password'], 'password': {'user': {'domain': {'id': 'default'}, 'name': 'nanet@systeer.com', 'password': 'tltmxldj1!@#'}}}, 'scope': {'project': {'domain': {'id': 'default'}, 'name': 'nanet@systeer.com'}}}}
2024-04-02 17:35:17,141 get_token    get_token response status: 201
2024-04-02 17:35:17,141 get_token    get_token response headers:
{'Date': 'Tue, 02 Apr 2024 08:35:17 GMT', 'Content-Type': 'application/json', 'Content-Length': '2153', 'Connection': 'keep-alive', 'X-Subject-Token': 'gAAAAABmC8NFL772MW0m2dkQ5KQQKrhiVyLKXHQEfk8OVs6P6t4S19Kl8MYTqUfLpYpjzbZzgc9La70ex9eQ31CF2h-a3rehrbkZBgIUFgdVXlefA_Jr2VzoH3IWTAxxV__AyPOq_QaBXy3Rj8AfsT_BWDaxNxMnuWvz0w19391_Jf8cNrwxTKA', 'Strict-Transport-Security': 'max-age=63072000'}
2024-04-02 17:35:17,142 get_token    get_token response body:
{"token":{"expires_at":"2024-04-02T09:35:17.000000Z","is_domain":false,"methods":["password"],"audit_ids":["hcXijOfAQjWnx92fEdkCYg"],"catalog":[{"endpoints":[{"region_id":"regionOne","id":"f4387cd05a97475386e1cc40d7372f88","interface":"public","region":"regionOne","url":"https://api.ucloudbiz.olleh.com/gd1/nova/v2.1"}],"name":"nova","id":"9f758683422f4f5c921bfddd10a27534","type":"compute"},{"endpoints":[{"region_id":"regionOne","id":"8a6ea36308144f0ca9507c717298f67e","interface":"public","region":"regionOne","url":"https://api.ucloudbiz.olleh.com/gd1/cinder/v3/952ae177e81e425696330ccaea6ba20f"}],"name":"cinderv3","id":"d9468aa594f04c658293ea0c0c193934","type":"volumev3"},{"endpoints":[{"region_id":"regionOne","id":"ab8da8f7a52e47449cf101f8f6a59f73","interface":"public","region":"regionOne","url":"https://api.ucloudbiz.olleh.com/gd1/glance"}],"name":"glance","id":"c60824fb76c1427185ec34aad476b59d","type":"image"},{"endpoints":[{"region_id":"regionOne","id":"79e5bd03815b4165b1351aceb722153f","interface":"public","region":"regionOne","url":"https://api.ucloudbiz.olleh.com/gd1/manila/v3/952ae177e81e425696330ccaea6ba20f"}],"name":"manilav2","id":"4287723d36904d4a8024d5682ee4362a","type":"sharev2"},{"endpoints":[{"region_id":"regionOne","id":"0f7e4b443fdb4f7a97c8987be82874da","interface":"public","region":"regionOne","url":"https://api.ucloudbiz.olleh.com/gd1/neutron"}],"name":"neutron","id":"5aa42089e9eb4be3a2f082cced1b064f","type":"network"},{"endpoints":[{"region_id":"regionOne","id":"b595d8a6a33d4e8ea36ea6caf1e56fd1","interface":"public","region":"regionOne","url":"https://api.ucloudbiz.olleh.com/gd1/keystone"}],"name":"keystone","id":"92645811ae004c3dbeb2b62d620a74c5","type":"identity"}],"roles":[{"name":"member","id":"ba45e0a05d9947d8aca635eafc306314"},{"name":"reader","id":"8d49b6337b69489dacdda0f47dc67f2e"}],"project":{"domain":{"name":"Default","id":"default"},"name":"nanet@systeer.com","id":"952ae177e81e425696330ccaea6ba20f"},"user":{"domain":{"name":"Default","id":"default"},"name":"nanet@systeer.com","password_expires_at":null,"id":"ef6f51eb2e6a45498a905c58f7758942"},"issued_at":"2024-04-02T08:35:17.000000Z"}}
2024-04-02 17:35:17,142 get_token    get_token token:
gAAAAABmC8NFL772MW0m2dkQ5KQQKrhiVyLKXHQEfk8OVs6P6t4S19Kl8MYTqUfLpYpjzbZzgc9La70ex9eQ31CF2h-a3rehrbkZBgIUFgdVXlefA_Jr2VzoH3IWTAxxV__AyPOq_QaBXy3Rj8AfsT_BWDaxNxMnuWvz0w19391_Jf8cNrwxTKA
2024-04-02 17:35:17,145 create_server create_server request header:
{'Content-Type': 'application/json; charset=utf-8', 'X-Auth-Token': 'gAAAAABmC8NFL772MW0m2dkQ5KQQKrhiVyLKXHQEfk8OVs6P6t4S19Kl8MYTqUfLpYpjzbZzgc9La70ex9eQ31CF2h-a3rehrbkZBgIUFgdVXlefA_Jr2VzoH3IWTAxxV__AyPOq_QaBXy3Rj8AfsT_BWDaxNxMnuWvz0w19391_Jf8cNrwxTKA'}
2024-04-02 17:35:17,145 create_server create_server request body:
{'server': {'name': 'prd-gitlab', 'key_name': 'nanet-keypair', 'flavorRef': '76a41bb5-9949-478b-8f89-ed9d89848154', 'availability_zone': 'DX-G', 'networks': [{'uuid': '100d31da-875c-47e2-99a9-f7b3cd6dde66'}], 'block_device_mapping_v2': [{'destination_type': 'volume', 'boot_index': '0', 'source_type': 'image', 'volume_size': 50, 'uuid': '5b55125e-53ce-4a19-981f-2375ab4e4523'}]}}
2024-04-02 17:35:20,521 create_server create_server response status: 202
2024-04-02 17:35:20,521 create_server create_server response headers:
{'Date': 'Tue, 02 Apr 2024 08:35:20 GMT', 'Content-Type': 'application/json', 'Content-Length': '378', 'Connection': 'keep-alive', 'location': 'https://10.48.81.20:13774/v2.1/servers/fd06788d-ad22-4712-99f8-fed6f0558a32', 'OpenStack-API-Version': 'compute 2.67', 'X-OpenStack-Nova-API-Version': '2.67', 'Vary': 'OpenStack-API-Version,X-OpenStack-Nova-API-Version', 'x-openstack-request-id': 'req-752fb8bb-3994-47b5-9753-4702756eb73b', 'x-compute-request-id': 'req-752fb8bb-3994-47b5-9753-4702756eb73b', 'Strict-Transport-Security': 'max-age=63072000'}
2024-04-02 17:35:20,521 create_server create_server response body:
{"server": {"id": "fd06788d-ad22-4712-99f8-fed6f0558a32", "links": [{"rel": "self", "href": "https://10.48.81.20:13774/v2.1/servers/fd06788d-ad22-4712-99f8-fed6f0558a32"}, {"rel": "bookmark", "href": "https://10.48.81.20:13774/servers/fd06788d-ad22-4712-99f8-fed6f0558a32"}], "OS-DCF:diskConfig": "MANUAL", "security_groups": [{"name": "default"}], "adminPass": "Awp2xvNS56U8"}}
2024-04-02 17:35:20,522 create_server create_server server_Id: fd06788d-ad22-4712-99f8-fed6f0558a32
2024-04-02 17:35:20,523 root         end prd-gitlab
2024-04-02 17:40:32,221 root         start gitlab
2024-04-02 17:40:32,221 get_token    get_token request header:
{'Content-Type': 'application/json; charset=utf-8'}
2024-04-02 17:40:32,221 get_token    get_token request body:
{'auth': {'identity': {'methods': ['password'], 'password': {'user': {'domain': {'id': 'default'}, 'name': 'nanet@systeer.com', 'password': 'tltmxldj1!@#'}}}, 'scope': {'project': {'domain': {'id': 'default'}, 'name': 'nanet@systeer.com'}}}}
2024-04-02 17:40:33,521 get_token    get_token response status: 201
2024-04-02 17:40:33,521 get_token    get_token response headers:
{'Date': 'Tue, 02 Apr 2024 08:40:33 GMT', 'Content-Type': 'application/json', 'Content-Length': '2153', 'Connection': 'keep-alive', 'X-Subject-Token': 'gAAAAABmC8SBcscwWd69GO0GGcEvWkoBlA1wlDxblfKInMk1S2ew03eAx5zgdUrD0_c_k1qIXVGS3R_kvlwaWLMTuwPnB6hxQO2AyTMpZxoCZqLk7op8k4EAaR8IczCb1EuK1bOmCNI03gIyVpK-WQnfwmig37iCKBg-sYnrWApmO0ucV1HDS8A', 'Strict-Transport-Security': 'max-age=63072000'}
2024-04-02 17:40:33,521 get_token    get_token response body:
{"token":{"expires_at":"2024-04-02T09:40:33.000000Z","is_domain":false,"methods":["password"],"audit_ids":["9c24ug4ySF-XM_KrtKdpYg"],"catalog":[{"endpoints":[{"region_id":"regionOne","id":"f4387cd05a97475386e1cc40d7372f88","interface":"public","region":"regionOne","url":"https://api.ucloudbiz.olleh.com/gd1/nova/v2.1"}],"name":"nova","id":"9f758683422f4f5c921bfddd10a27534","type":"compute"},{"endpoints":[{"region_id":"regionOne","id":"8a6ea36308144f0ca9507c717298f67e","interface":"public","region":"regionOne","url":"https://api.ucloudbiz.olleh.com/gd1/cinder/v3/952ae177e81e425696330ccaea6ba20f"}],"name":"cinderv3","id":"d9468aa594f04c658293ea0c0c193934","type":"volumev3"},{"endpoints":[{"region_id":"regionOne","id":"ab8da8f7a52e47449cf101f8f6a59f73","interface":"public","region":"regionOne","url":"https://api.ucloudbiz.olleh.com/gd1/glance"}],"name":"glance","id":"c60824fb76c1427185ec34aad476b59d","type":"image"},{"endpoints":[{"region_id":"regionOne","id":"79e5bd03815b4165b1351aceb722153f","interface":"public","region":"regionOne","url":"https://api.ucloudbiz.olleh.com/gd1/manila/v3/952ae177e81e425696330ccaea6ba20f"}],"name":"manilav2","id":"4287723d36904d4a8024d5682ee4362a","type":"sharev2"},{"endpoints":[{"region_id":"regionOne","id":"0f7e4b443fdb4f7a97c8987be82874da","interface":"public","region":"regionOne","url":"https://api.ucloudbiz.olleh.com/gd1/neutron"}],"name":"neutron","id":"5aa42089e9eb4be3a2f082cced1b064f","type":"network"},{"endpoints":[{"region_id":"regionOne","id":"b595d8a6a33d4e8ea36ea6caf1e56fd1","interface":"public","region":"regionOne","url":"https://api.ucloudbiz.olleh.com/gd1/keystone"}],"name":"keystone","id":"92645811ae004c3dbeb2b62d620a74c5","type":"identity"}],"roles":[{"name":"member","id":"ba45e0a05d9947d8aca635eafc306314"},{"name":"reader","id":"8d49b6337b69489dacdda0f47dc67f2e"}],"project":{"domain":{"name":"Default","id":"default"},"name":"nanet@systeer.com","id":"952ae177e81e425696330ccaea6ba20f"},"user":{"domain":{"name":"Default","id":"default"},"name":"nanet@systeer.com","password_expires_at":null,"id":"ef6f51eb2e6a45498a905c58f7758942"},"issued_at":"2024-04-02T08:40:33.000000Z"}}
2024-04-02 17:40:33,521 get_token    get_token token:
gAAAAABmC8SBcscwWd69GO0GGcEvWkoBlA1wlDxblfKInMk1S2ew03eAx5zgdUrD0_c_k1qIXVGS3R_kvlwaWLMTuwPnB6hxQO2AyTMpZxoCZqLk7op8k4EAaR8IczCb1EuK1bOmCNI03gIyVpK-WQnfwmig37iCKBg-sYnrWApmO0ucV1HDS8A
2024-04-02 17:40:33,522 delete_server delete_server request header:
{'Content-Type': 'application/json; charset=utf-8', 'X-Auth-Token': 'gAAAAABmC8SBcscwWd69GO0GGcEvWkoBlA1wlDxblfKInMk1S2ew03eAx5zgdUrD0_c_k1qIXVGS3R_kvlwaWLMTuwPnB6hxQO2AyTMpZxoCZqLk7op8k4EAaR8IczCb1EuK1bOmCNI03gIyVpK-WQnfwmig37iCKBg-sYnrWApmO0ucV1HDS8A'}
2024-04-02 17:40:38,090 delete_server delete_server response status: 204
2024-04-02 17:40:38,091 delete_server delete_server response headers:
{'Date': 'Tue, 02 Apr 2024 08:40:38 GMT', 'Connection': 'keep-alive', 'OpenStack-API-Version': 'compute 2.1', 'X-OpenStack-Nova-API-Version': '2.1', 'Vary': 'OpenStack-API-Version,X-OpenStack-Nova-API-Version', 'x-openstack-request-id': 'req-f87122f0-6dc1-404c-ba3e-90c5704cb260', 'x-compute-request-id': 'req-f87122f0-6dc1-404c-ba3e-90c5704cb260', 'Strict-Transport-Security': 'max-age=63072000'}
2024-04-02 17:40:38,091 delete_server delete_server response body:

2024-04-02 17:40:38,094 root         end prd-gitlab
